2026.06.29 11:43:19 INFO  Started: Metals version 1.6.7 in folders 'C:\tmp\arpit\java\Arpit\order-processing-system-structure' for client Visual Studio Code 1.126.0.
2026.06.29 11:43:19 INFO  Memory monitor started
2026.06.29 11:43:20 WARN  Using H2 2.4.240 which is newer than the version Flyway has been verified with. The latest verified version of H2 is 2.3.232.
2026.06.29 11:43:21 WARN  Build server is not auto-connectable.
Jun 29, 2026 11:43:28 AM org.eclipse.lsp4j.jsonrpc.services.GenericEndpoint notify
INFO: Unsupported notification method: $/setTrace
Jun 29, 2026 11:45:09 AM org.eclipse.lsp4j.jsonrpc.services.GenericEndpoint notify
INFO: Unsupported notification method: $/setTrace
2026.06.29 11:45:39 WARN  no build target for: C:\tmp\arpit\java\Arpit\order-processing-system-structure\build.sbt
2026.06.29 11:45:39 INFO  no build target found for C:\tmp\arpit\java\Arpit\order-processing-system-structure\build.sbt. Using presentation compiler with project's scala-library version: 3.3.7
2026.06.29 11:46:07 WARN  no build target for: C:\tmp\arpit\java\Arpit\order-processing-system-structure\GatewayApplication.java
2026.06.29 11:46:08 WARN  no build target for: C:\tmp\arpit\java\Arpit\order-processing-system-structure\config\AkkaConfig.java
2026.06.29 11:46:08 WARN  no build target for: C:\tmp\arpit\java\Arpit\order-processing-system-structure\NotificationApp.java
2026.06.29 11:46:08 WARN  no build target for: C:\tmp\arpit\java\Arpit\order-processing-system-structure\OrderServiceApp.scala
2026.06.29 11:46:09 WARN  no build target for: C:\tmp\arpit\java\Arpit\order-processing-system-structure\InventoryApp.scala
2026.06.29 11:46:09 WARN  Running javac-semanticdb failed for file:///C:/tmp/arpit/java/Arpit/order-processing-system-structure/GatewayApplication.java. Output:

2026.06.29 11:46:09 INFO  no build target found for C:\tmp\arpit\java\Arpit\order-processing-system-structure\InventoryApp.scala. Using presentation compiler with project's scala-library version: 3.3.7
2026.06.29 11:46:10 INFO  no build target found for C:\tmp\arpit\java\Arpit\order-processing-system-structure\OrderServiceApp.scala. Using presentation compiler with project's scala-library version: 3.3.7
2026.06.29 11:46:12 WARN  Running javac-semanticdb failed for file:///C:/tmp/arpit/java/Arpit/order-processing-system-structure/NotificationApp.java. Output:

2026.06.29 11:46:12 WARN  Running javac-semanticdb failed for file:///C:/tmp/arpit/java/Arpit/order-processing-system-structure/config/AkkaConfig.java. Output:

2026.06.29 11:48:39 INFO  no build target found for C:\tmp\arpit\java\Arpit\order-processing-system-structure\build.sbt. Using presentation compiler with project's scala-library version: 3.3.7
2026.06.29 11:49:06 INFO  no build target found for C:\tmp\arpit\java\Arpit\order-processing-system-structure\GatewayApplication.java. Using fallback presentation compiler.
2026.06.29 11:49:06 INFO  no build target found for C:\tmp\arpit\java\Arpit\order-processing-system-structure\config\AkkaConfig.java. Using fallback presentation compiler.
2026.06.29 11:49:06 INFO  no build target found for C:\tmp\arpit\java\Arpit\order-processing-system-structure\NotificationApp.java. Using fallback presentation compiler.
2026.06.29 11:49:06 INFO  no build target found for C:\tmp\arpit\java\Arpit\order-processing-system-structure\OrderServiceApp.scala. Using presentation compiler with project's scala-library version: 3.3.7
2026.06.29 11:49:06 INFO  no build target found for C:\tmp\arpit\java\Arpit\order-processing-system-structure\InventoryApp.scala. Using presentation compiler with project's scala-library version: 3.3.7
Jun 29, 2026 12:24:49 PM org.eclipse.lsp4j.jsonrpc.services.GenericEndpoint notify
INFO: Unsupported notification method: $/setTrace
Jun 29, 2026 12:29:31 PM org.eclipse.lsp4j.jsonrpc.services.GenericEndpoint notify
INFO: Unsupported notification method: $/setTrace
Jun 29, 2026 12:34:16 PM org.eclipse.lsp4j.jsonrpc.services.GenericEndpoint notify
INFO: Unsupported notification method: $/setTrace
Jun 29, 2026 12:35:25 PM org.eclipse.lsp4j.jsonrpc.services.GenericEndpoint notify
INFO: Unsupported notification method: $/setTrace
Jun 29, 2026 12:36:21 PM org.eclipse.lsp4j.jsonrpc.services.GenericEndpoint notify
INFO: Unsupported notification method: $/setTrace
Jun 29, 2026 1:00:51 PM org.eclipse.lsp4j.jsonrpc.services.GenericEndpoint notify
INFO: Unsupported notification method: $/setTrace
Jun 29, 2026 1:08:04 PM org.eclipse.lsp4j.jsonrpc.services.GenericEndpoint notify
INFO: Unsupported notification method: $/setTrace
Jun 29, 2026 1:35:38 PM org.eclipse.lsp4j.jsonrpc.services.GenericEndpoint notify
INFO: Unsupported notification method: $/setTrace
Jun 29, 2026 1:38:13 PM org.eclipse.lsp4j.jsonrpc.services.GenericEndpoint notify
INFO: Unsupported notification method: $/setTrace
2026.06.29 13:45:18 INFO  no build target found for C:\tmp\arpit\java\Arpit\order-processing-system-structure\build.sbt. Using presentation compiler with project's scala-library version: 3.3.7
2026.06.29 13:45:18 WARN  no build target for: C:\tmp\arpit\java\Arpit\order-processing-system-structure\build.sbt
2026.06.29 13:45:19 INFO  no build target found for C:\tmp\arpit\java\Arpit\order-processing-system-structure\build.sbt. Using presentation compiler with project's scala-library version: 3.3.7
2026.06.29 13:45:19 WARN  no build target for: C:\tmp\arpit\java\Arpit\order-processing-system-structure\build.sbt
2026.06.29 13:45:19 INFO  no build target found for C:\tmp\arpit\java\Arpit\order-processing-system-structure\build.sbt. Using presentation compiler with project's scala-library version: 3.3.7
2026.06.29 13:45:19 INFO  Detected new build tool in C:\tmp\arpit\java\Arpit\order-processing-system-structure
2026.06.29 13:45:34 WARN  no build target for: C:\tmp\arpit\java\Arpit\order-processing-system-structure\project\plugins.sbt
2026.06.29 13:45:34 INFO  no build target found for C:\tmp\arpit\java\Arpit\order-processing-system-structure\project\plugins.sbt. Using presentation compiler with project's scala-library version: 3.3.7
2026.06.29 13:45:34 INFO  no build target found for C:\tmp\arpit\java\Arpit\order-processing-system-structure\project\plugins.sbt. Using presentation compiler with project's scala-library version: 3.3.7
2026.06.29 13:45:34 WARN  no build target for: C:\tmp\arpit\java\Arpit\order-processing-system-structure\project\plugins.sbt
2026.06.29 13:45:34 INFO  no build target found for C:\tmp\arpit\java\Arpit\order-processing-system-structure\project\plugins.sbt. Using presentation compiler with project's scala-library version: 3.3.7
2026.06.29 13:46:02 WARN  no build target for: C:\tmp\arpit\java\Arpit\order-processing-system-structure\shared\src\main\scala\com\ops\shared\domain\ValueObjects.scala
2026.06.29 13:46:02 INFO  no build target found for C:\tmp\arpit\java\Arpit\order-processing-system-structure\shared\src\main\scala\com\ops\shared\domain\ValueObjects.scala. Using presentation compiler with project's scala-library version: 3.3.7
2026.06.29 13:46:02 INFO  no build target found for C:\tmp\arpit\java\Arpit\order-processing-system-structure\shared\src\main\scala\com\ops\shared\domain\ValueObjects.scala. Using presentation compiler with project's scala-library version: 3.3.7
2026.06.29 13:46:02 WARN  no build target for: C:\tmp\arpit\java\Arpit\order-processing-system-structure\shared\src\main\scala\com\ops\shared\domain\ValueObjects.scala
2026.06.29 13:46:02 INFO  no build target found for C:\tmp\arpit\java\Arpit\order-processing-system-structure\shared\src\main\scala\com\ops\shared\domain\ValueObjects.scala. Using presentation compiler with project's scala-library version: 3.3.7
2026.06.29 13:46:22 WARN  no build target for: C:\tmp\arpit\java\Arpit\order-processing-system-structure\shared\src\main\scala\com\ops\shared\events\KafkaEvents.scala
2026.06.29 13:46:22 INFO  no build target found for C:\tmp\arpit\java\Arpit\order-processing-system-structure\shared\src\main\scala\com\ops\shared\events\KafkaEvents.scala. Using presentation compiler with project's scala-library version: 3.3.7
2026.06.29 13:46:22 INFO  no build target found for C:\tmp\arpit\java\Arpit\order-processing-system-structure\shared\src\main\scala\com\ops\shared\events\KafkaEvents.scala. Using presentation compiler with project's scala-library version: 3.3.7
2026.06.29 13:46:22 WARN  no build target for: C:\tmp\arpit\java\Arpit\order-processing-system-structure\shared\src\main\scala\com\ops\shared\events\KafkaEvents.scala
2026.06.29 13:46:22 INFO  no build target found for C:\tmp\arpit\java\Arpit\order-processing-system-structure\shared\src\main\scala\com\ops\shared\events\KafkaEvents.scala. Using presentation compiler with project's scala-library version: 3.3.7
2026.06.29 13:46:33 INFO  no build target found for C:\tmp\arpit\java\Arpit\order-processing-system-structure\shared\src\main\scala\com\ops\shared\serialization\JsonCodecs.scala. Using presentation compiler with project's scala-library version: 3.3.7
2026.06.29 13:46:33 WARN  no build target for: C:\tmp\arpit\java\Arpit\order-processing-system-structure\shared\src\main\scala\com\ops\shared\serialization\JsonCodecs.scala
2026.06.29 13:46:33 INFO  no build target found for C:\tmp\arpit\java\Arpit\order-processing-system-structure\shared\src\main\scala\com\ops\shared\serialization\JsonCodecs.scala. Using presentation compiler with project's scala-library version: 3.3.7
2026.06.29 13:46:33 WARN  no build target for: C:\tmp\arpit\java\Arpit\order-processing-system-structure\shared\src\main\scala\com\ops\shared\serialization\JsonCodecs.scala
2026.06.29 13:46:33 INFO  no build target found for C:\tmp\arpit\java\Arpit\order-processing-system-structure\shared\src\main\scala\com\ops\shared\serialization\JsonCodecs.scala. Using presentation compiler with project's scala-library version: 3.3.7
2026.06.29 13:55:26 INFO  no build target found for C:\tmp\arpit\java\Arpit\order-processing-system-structure\order-service\src\main\scala\com\ops\order\domain\OrderStatus.scala. Using presentation compiler with project's scala-library version: 3.3.7
2026.06.29 13:55:26 WARN  no build target for: C:\tmp\arpit\java\Arpit\order-processing-system-structure\order-service\src\main\scala\com\ops\order\domain\OrderStatus.scala
2026.06.29 13:55:26 INFO  no build target found for C:\tmp\arpit\java\Arpit\order-processing-system-structure\order-service\src\main\scala\com\ops\order\domain\OrderStatus.scala. Using presentation compiler with project's scala-library version: 3.3.7
2026.06.29 13:55:26 INFO  no build target found for C:\tmp\arpit\java\Arpit\order-processing-system-structure\order-service\src\main\scala\com\ops\order\domain\OrderStatus.scala. Using presentation compiler with project's scala-library version: 3.3.7
2026.06.29 13:55:26 WARN  no build target for: C:\tmp\arpit\java\Arpit\order-processing-system-structure\order-service\src\main\scala\com\ops\order\domain\OrderStatus.scala
2026.06.29 13:55:34 INFO  no build target found for C:\tmp\arpit\java\Arpit\order-processing-system-structure\order-service\src\main\scala\com\ops\order\domain\Order.scala. Using presentation compiler with project's scala-library version: 3.3.7
2026.06.29 13:55:34 WARN  no build target for: C:\tmp\arpit\java\Arpit\order-processing-system-structure\order-service\src\main\scala\com\ops\order\domain\Order.scala
2026.06.29 13:55:34 INFO  no build target found for C:\tmp\arpit\java\Arpit\order-processing-system-structure\order-service\src\main\scala\com\ops\order\domain\Order.scala. Using presentation compiler with project's scala-library version: 3.3.7
2026.06.29 13:55:34 WARN  no build target for: C:\tmp\arpit\java\Arpit\order-processing-system-structure\order-service\src\main\scala\com\ops\order\domain\Order.scala
2026.06.29 13:55:34 INFO  no build target found for C:\tmp\arpit\java\Arpit\order-processing-system-structure\order-service\src\main\scala\com\ops\order\domain\Order.scala. Using presentation compiler with project's scala-library version: 3.3.7
2026.06.29 13:55:46 INFO  no build target found for C:\tmp\arpit\java\Arpit\order-processing-system-structure\order-service\src\main\scala\com\ops\order\domain\OrderCommand.scala. Using presentation compiler with project's scala-library version: 3.3.7
2026.06.29 13:55:46 WARN  no build target for: C:\tmp\arpit\java\Arpit\order-processing-system-structure\order-service\src\main\scala\com\ops\order\domain\OrderCommand.scala
2026.06.29 13:55:46 INFO  no build target found for C:\tmp\arpit\java\Arpit\order-processing-system-structure\order-service\src\main\scala\com\ops\order\domain\OrderCommand.scala. Using presentation compiler with project's scala-library version: 3.3.7
2026.06.29 13:55:46 WARN  no build target for: C:\tmp\arpit\java\Arpit\order-processing-system-structure\order-service\src\main\scala\com\ops\order\domain\OrderCommand.scala
2026.06.29 13:55:46 INFO  no build target found for C:\tmp\arpit\java\Arpit\order-processing-system-structure\order-service\src\main\scala\com\ops\order\domain\OrderCommand.scala. Using presentation compiler with project's scala-library version: 3.3.7
2026.06.29 13:55:54 INFO  no build target found for C:\tmp\arpit\java\Arpit\order-processing-system-structure\order-service\src\main\scala\com\ops\order\domain\OrderEvent.scala. Using presentation compiler with project's scala-library version: 3.3.7
2026.06.29 13:55:54 WARN  no build target for: C:\tmp\arpit\java\Arpit\order-processing-system-structure\order-service\src\main\scala\com\ops\order\domain\OrderEvent.scala
2026.06.29 13:55:54 INFO  no build target found for C:\tmp\arpit\java\Arpit\order-processing-system-structure\order-service\src\main\scala\com\ops\order\domain\OrderEvent.scala. Using presentation compiler with project's scala-library version: 3.3.7
2026.06.29 13:55:54 WARN  no build target for: C:\tmp\arpit\java\Arpit\order-processing-system-structure\order-service\src\main\scala\com\ops\order\domain\OrderEvent.scala
2026.06.29 13:55:54 INFO  no build target found for C:\tmp\arpit\java\Arpit\order-processing-system-structure\order-service\src\main\scala\com\ops\order\domain\OrderEvent.scala. Using presentation compiler with project's scala-library version: 3.3.7
2026.06.29 13:56:00 INFO  no build target found for C:\tmp\arpit\java\Arpit\order-processing-system-structure\order-service\src\main\scala\com\ops\order\domain\OrderReply.scala. Using presentation compiler with project's scala-library version: 3.3.7
2026.06.29 13:56:00 WARN  no build target for: C:\tmp\arpit\java\Arpit\order-processing-system-structure\order-service\src\main\scala\com\ops\order\domain\OrderReply.scala
2026.06.29 13:56:00 INFO  no build target found for C:\tmp\arpit\java\Arpit\order-processing-system-structure\order-service\src\main\scala\com\ops\order\domain\OrderReply.scala. Using presentation compiler with project's scala-library version: 3.3.7
2026.06.29 13:56:00 WARN  no build target for: C:\tmp\arpit\java\Arpit\order-processing-system-structure\order-service\src\main\scala\com\ops\order\domain\OrderReply.scala
2026.06.29 13:56:00 INFO  no build target found for C:\tmp\arpit\java\Arpit\order-processing-system-structure\order-service\src\main\scala\com\ops\order\domain\OrderReply.scala. Using presentation compiler with project's scala-library version: 3.3.7
2026.06.29 13:56:36 INFO  no build target found for C:\tmp\arpit\java\Arpit\order-processing-system-structure\order-service\src\main\scala\com\ops\order\actor\OrderActor.scala. Using presentation compiler with project's scala-library version: 3.3.7
2026.06.29 13:56:36 WARN  no build target for: C:\tmp\arpit\java\Arpit\order-processing-system-structure\order-service\src\main\scala\com\ops\order\actor\OrderActor.scala
2026.06.29 13:56:36 INFO  no build target found for C:\tmp\arpit\java\Arpit\order-processing-system-structure\order-service\src\main\scala\com\ops\order\actor\OrderActor.scala. Using presentation compiler with project's scala-library version: 3.3.7
2026.06.29 13:56:36 WARN  no build target for: C:\tmp\arpit\java\Arpit\order-processing-system-structure\order-service\src\main\scala\com\ops\order\actor\OrderActor.scala
2026.06.29 13:56:36 INFO  no build target found for C:\tmp\arpit\java\Arpit\order-processing-system-structure\order-service\src\main\scala\com\ops\order\actor\OrderActor.scala. Using presentation compiler with project's scala-library version: 3.3.7
2026.06.29 13:56:51 INFO  no build target found for C:\tmp\arpit\java\Arpit\order-processing-system-structure\order-service\src\main\scala\com\ops\order\actor\OrderSupervisor.scala. Using presentation compiler with project's scala-library version: 3.3.7
2026.06.29 13:56:51 WARN  no build target for: C:\tmp\arpit\java\Arpit\order-processing-system-structure\order-service\src\main\scala\com\ops\order\actor\OrderSupervisor.scala
2026.06.29 13:56:51 INFO  no build target found for C:\tmp\arpit\java\Arpit\order-processing-system-structure\order-service\src\main\scala\com\ops\order\actor\OrderSupervisor.scala. Using presentation compiler with project's scala-library version: 3.3.7
2026.06.29 13:56:51 WARN  no build target for: C:\tmp\arpit\java\Arpit\order-processing-system-structure\order-service\src\main\scala\com\ops\order\actor\OrderSupervisor.scala
2026.06.29 13:56:51 INFO  no build target found for C:\tmp\arpit\java\Arpit\order-processing-system-structure\order-service\src\main\scala\com\ops\order\actor\OrderSupervisor.scala. Using presentation compiler with project's scala-library version: 3.3.7
2026.06.29 13:57:01 INFO  no build target found for C:\tmp\arpit\java\Arpit\order-processing-system-structure\order-service\src\main\scala\com\ops\order\repository\OrderRepository.scala. Using presentation compiler with project's scala-library version: 3.3.7
2026.06.29 13:57:01 WARN  no build target for: C:\tmp\arpit\java\Arpit\order-processing-system-structure\order-service\src\main\scala\com\ops\order\repository\OrderRepository.scala
2026.06.29 13:57:01 INFO  no build target found for C:\tmp\arpit\java\Arpit\order-processing-system-structure\order-service\src\main\scala\com\ops\order\repository\OrderRepository.scala. Using presentation compiler with project's scala-library version: 3.3.7
2026.06.29 13:57:01 INFO  no build target found for C:\tmp\arpit\java\Arpit\order-processing-system-structure\order-service\src\main\scala\com\ops\order\repository\OrderRepository.scala. Using presentation compiler with project's scala-library version: 3.3.7
2026.06.29 13:57:01 WARN  no build target for: C:\tmp\arpit\java\Arpit\order-processing-system-structure\order-service\src\main\scala\com\ops\order\repository\OrderRepository.scala
2026.06.29 13:57:27 INFO  no build target found for C:\tmp\arpit\java\Arpit\order-processing-system-structure\order-service\src\main\scala\com\ops\order\repository\OrderRepositoryImpl.scala. Using presentation compiler with project's scala-library version: 3.3.7
2026.06.29 13:57:27 WARN  no build target for: C:\tmp\arpit\java\Arpit\order-processing-system-structure\order-service\src\main\scala\com\ops\order\repository\OrderRepositoryImpl.scala
2026.06.29 13:57:27 INFO  no build target found for C:\tmp\arpit\java\Arpit\order-processing-system-structure\order-service\src\main\scala\com\ops\order\repository\OrderRepositoryImpl.scala. Using presentation compiler with project's scala-library version: 3.3.7
2026.06.29 13:57:27 WARN  no build target for: C:\tmp\arpit\java\Arpit\order-processing-system-structure\order-service\src\main\scala\com\ops\order\repository\OrderRepositoryImpl.scala
2026.06.29 13:57:27 INFO  no build target found for C:\tmp\arpit\java\Arpit\order-processing-system-structure\order-service\src\main\scala\com\ops\order\repository\OrderRepositoryImpl.scala. Using presentation compiler with project's scala-library version: 3.3.7
2026.06.29 13:57:45 WARN  no build target for: C:\tmp\arpit\java\Arpit\order-processing-system-structure\order-service\src\main\scala\com\ops\order\kafka\OrderEventProducer.scala
2026.06.29 13:57:45 INFO  no build target found for C:\tmp\arpit\java\Arpit\order-processing-system-structure\order-service\src\main\scala\com\ops\order\kafka\OrderEventProducer.scala. Using presentation compiler with project's scala-library version: 3.3.7
2026.06.29 13:57:45 INFO  no build target found for C:\tmp\arpit\java\Arpit\order-processing-system-structure\order-service\src\main\scala\com\ops\order\kafka\OrderEventProducer.scala. Using presentation compiler with project's scala-library version: 3.3.7
2026.06.29 13:57:45 WARN  no build target for: C:\tmp\arpit\java\Arpit\order-processing-system-structure\order-service\src\main\scala\com\ops\order\kafka\OrderEventProducer.scala
2026.06.29 13:57:45 INFO  no build target found for C:\tmp\arpit\java\Arpit\order-processing-system-structure\order-service\src\main\scala\com\ops\order\kafka\OrderEventProducer.scala. Using presentation compiler with project's scala-library version: 3.3.7
2026.06.29 13:57:55 INFO  no build target found for C:\tmp\arpit\java\Arpit\order-processing-system-structure\order-service\src\main\scala\com\ops\order\service\OrderService.scala. Using presentation compiler with project's scala-library version: 3.3.7
2026.06.29 13:57:55 WARN  no build target for: C:\tmp\arpit\java\Arpit\order-processing-system-structure\order-service\src\main\scala\com\ops\order\service\OrderService.scala
2026.06.29 13:57:55 INFO  no build target found for C:\tmp\arpit\java\Arpit\order-processing-system-structure\order-service\src\main\scala\com\ops\order\service\OrderService.scala. Using presentation compiler with project's scala-library version: 3.3.7
2026.06.29 13:57:55 INFO  no build target found for C:\tmp\arpit\java\Arpit\order-processing-system-structure\order-service\src\main\scala\com\ops\order\service\OrderService.scala. Using presentation compiler with project's scala-library version: 3.3.7
2026.06.29 13:57:55 WARN  no build target for: C:\tmp\arpit\java\Arpit\order-processing-system-structure\order-service\src\main\scala\com\ops\order\service\OrderService.scala
2026.06.29 13:58:18 WARN  no build target for: C:\tmp\arpit\java\Arpit\order-processing-system-structure\order-service\src\main\scala\com\ops\order\service\OrderServiceImpl.scala
2026.06.29 13:58:18 INFO  no build target found for C:\tmp\arpit\java\Arpit\order-processing-system-structure\order-service\src\main\scala\com\ops\order\service\OrderServiceImpl.scala. Using presentation compiler with project's scala-library version: 3.3.7
2026.06.29 13:58:18 INFO  no build target found for C:\tmp\arpit\java\Arpit\order-processing-system-structure\order-service\src\main\scala\com\ops\order\service\OrderServiceImpl.scala. Using presentation compiler with project's scala-library version: 3.3.7
2026.06.29 13:58:19 WARN  no build target for: C:\tmp\arpit\java\Arpit\order-processing-system-structure\order-service\src\main\scala\com\ops\order\service\OrderServiceImpl.scala
2026.06.29 13:58:18 INFO  no build target found for C:\tmp\arpit\java\Arpit\order-processing-system-structure\order-service\src\main\scala\com\ops\order\service\OrderServiceImpl.scala. Using presentation compiler with project's scala-library version: 3.3.7
2026.06.29 13:58:30 INFO  no build target found for C:\tmp\arpit\java\Arpit\order-processing-system-structure\order-service\src\main\scala\com\ops\order\api\dto\OrderDtos.scala. Using presentation compiler with project's scala-library version: 3.3.7
2026.06.29 13:58:30 WARN  no build target for: C:\tmp\arpit\java\Arpit\order-processing-system-structure\order-service\src\main\scala\com\ops\order\api\dto\OrderDtos.scala
2026.06.29 13:58:30 INFO  no build target found for C:\tmp\arpit\java\Arpit\order-processing-system-structure\order-service\src\main\scala\com\ops\order\api\dto\OrderDtos.scala. Using presentation compiler with project's scala-library version: 3.3.7
2026.06.29 13:58:30 WARN  no build target for: C:\tmp\arpit\java\Arpit\order-processing-system-structure\order-service\src\main\scala\com\ops\order\api\dto\OrderDtos.scala
2026.06.29 13:58:30 INFO  no build target found for C:\tmp\arpit\java\Arpit\order-processing-system-structure\order-service\src\main\scala\com\ops\order\api\dto\OrderDtos.scala. Using presentation compiler with project's scala-library version: 3.3.7
2026.06.29 13:58:55 INFO  no build target found for C:\tmp\arpit\java\Arpit\order-processing-system-structure\order-service\src\main\scala\com\ops\order\api\OrderController.scala. Using presentation compiler with project's scala-library version: 3.3.7
2026.06.29 13:58:55 WARN  no build target for: C:\tmp\arpit\java\Arpit\order-processing-system-structure\order-service\src\main\scala\com\ops\order\api\OrderController.scala
2026.06.29 13:58:55 INFO  no build target found for C:\tmp\arpit\java\Arpit\order-processing-system-structure\order-service\src\main\scala\com\ops\order\api\OrderController.scala. Using presentation compiler with project's scala-library version: 3.3.7
2026.06.29 13:58:55 WARN  no build target for: C:\tmp\arpit\java\Arpit\order-processing-system-structure\order-service\src\main\scala\com\ops\order\api\OrderController.scala
2026.06.29 13:58:55 INFO  no build target found for C:\tmp\arpit\java\Arpit\order-processing-system-structure\order-service\src\main\scala\com\ops\order\api\OrderController.scala. Using presentation compiler with project's scala-library version: 3.3.7
2026.06.29 13:59:04 INFO  no build target found for C:\tmp\arpit\java\Arpit\order-processing-system-structure\order-service\src\main\scala\com\ops\order\infra\DatabaseConfig.scala. Using presentation compiler with project's scala-library version: 3.3.7
2026.06.29 13:59:04 WARN  no build target for: C:\tmp\arpit\java\Arpit\order-processing-system-structure\order-service\src\main\scala\com\ops\order\infra\DatabaseConfig.scala
2026.06.29 13:59:04 INFO  no build target found for C:\tmp\arpit\java\Arpit\order-processing-system-structure\order-service\src\main\scala\com\ops\order\infra\DatabaseConfig.scala. Using presentation compiler with project's scala-library version: 3.3.7
2026.06.29 13:59:04 INFO  no build target found for C:\tmp\arpit\java\Arpit\order-processing-system-structure\order-service\src\main\scala\com\ops\order\infra\DatabaseConfig.scala. Using presentation compiler with project's scala-library version: 3.3.7
2026.06.29 13:59:04 WARN  no build target for: C:\tmp\arpit\java\Arpit\order-processing-system-structure\order-service\src\main\scala\com\ops\order\infra\DatabaseConfig.scala
2026.06.29 13:59:14 INFO  no build target found for C:\tmp\arpit\java\Arpit\order-processing-system-structure\order-service\src\main\scala\com\ops\order\infra\FlywayMigration.scala. Using presentation compiler with project's scala-library version: 3.3.7
2026.06.29 13:59:14 WARN  no build target for: C:\tmp\arpit\java\Arpit\order-processing-system-structure\order-service\src\main\scala\com\ops\order\infra\FlywayMigration.scala
2026.06.29 13:59:14 INFO  no build target found for C:\tmp\arpit\java\Arpit\order-processing-system-structure\order-service\src\main\scala\com\ops\order\infra\FlywayMigration.scala. Using presentation compiler with project's scala-library version: 3.3.7
2026.06.29 13:59:14 WARN  no build target for: C:\tmp\arpit\java\Arpit\order-processing-system-structure\order-service\src\main\scala\com\ops\order\infra\FlywayMigration.scala
2026.06.29 13:59:14 INFO  no build target found for C:\tmp\arpit\java\Arpit\order-processing-system-structure\order-service\src\main\scala\com\ops\order\infra\FlywayMigration.scala. Using presentation compiler with project's scala-library version: 3.3.7
2026.06.29 13:59:40 WARN  no build target for: C:\tmp\arpit\java\Arpit\order-processing-system-structure\order-service\src\main\scala\com\ops\order\OrderServiceApp.scala
2026.06.29 13:59:40 INFO  no build target found for C:\tmp\arpit\java\Arpit\order-processing-system-structure\order-service\src\main\scala\com\ops\order\OrderServiceApp.scala. Using presentation compiler with project's scala-library version: 3.3.7
2026.06.29 13:59:40 INFO  no build target found for C:\tmp\arpit\java\Arpit\order-processing-system-structure\order-service\src\main\scala\com\ops\order\OrderServiceApp.scala. Using presentation compiler with project's scala-library version: 3.3.7
2026.06.29 13:59:40 WARN  no build target for: C:\tmp\arpit\java\Arpit\order-processing-system-structure\order-service\src\main\scala\com\ops\order\OrderServiceApp.scala
2026.06.29 13:59:40 INFO  no build target found for C:\tmp\arpit\java\Arpit\order-processing-system-structure\order-service\src\main\scala\com\ops\order\OrderServiceApp.scala. Using presentation compiler with project's scala-library version: 3.3.7
2026.06.29 14:02:01 INFO  no build target found for C:\tmp\arpit\java\Arpit\order-processing-system-structure\inventory-service\src\main\scala\com\ops\inventory\domain\InventoryItem.scala. Using presentation compiler with project's scala-library version: 3.3.7
2026.06.29 14:02:01 WARN  no build target for: C:\tmp\arpit\java\Arpit\order-processing-system-structure\inventory-service\src\main\scala\com\ops\inventory\domain\InventoryItem.scala
2026.06.29 14:02:01 INFO  no build target found for C:\tmp\arpit\java\Arpit\order-processing-system-structure\inventory-service\src\main\scala\com\ops\inventory\domain\InventoryItem.scala. Using presentation compiler with project's scala-library version: 3.3.7
2026.06.29 14:02:01 INFO  no build target found for C:\tmp\arpit\java\Arpit\order-processing-system-structure\inventory-service\src\main\scala\com\ops\inventory\domain\InventoryItem.scala. Using presentation compiler with project's scala-library version: 3.3.7
2026.06.29 14:02:01 WARN  no build target for: C:\tmp\arpit\java\Arpit\order-processing-system-structure\inventory-service\src\main\scala\com\ops\inventory\domain\InventoryItem.scala
2026.06.29 14:02:10 INFO  no build target found for C:\tmp\arpit\java\Arpit\order-processing-system-structure\inventory-service\src\main\scala\com\ops\inventory\repository\InventoryRepository.scala. Using presentation compiler with project's scala-library version: 3.3.7
2026.06.29 14:02:10 WARN  no build target for: C:\tmp\arpit\java\Arpit\order-processing-system-structure\inventory-service\src\main\scala\com\ops\inventory\repository\InventoryRepository.scala
2026.06.29 14:02:10 INFO  no build target found for C:\tmp\arpit\java\Arpit\order-processing-system-structure\inventory-service\src\main\scala\com\ops\inventory\repository\InventoryRepository.scala. Using presentation compiler with project's scala-library version: 3.3.7
2026.06.29 14:02:10 WARN  no build target for: C:\tmp\arpit\java\Arpit\order-processing-system-structure\inventory-service\src\main\scala\com\ops\inventory\repository\InventoryRepository.scala
2026.06.29 14:02:10 INFO  no build target found for C:\tmp\arpit\java\Arpit\order-processing-system-structure\inventory-service\src\main\scala\com\ops\inventory\repository\InventoryRepository.scala. Using presentation compiler with project's scala-library version: 3.3.7
2026.06.29 14:02:38 INFO  no build target found for C:\tmp\arpit\java\Arpit\order-processing-system-structure\inventory-service\src\main\scala\com\ops\inventory\repository\InventoryRepositoryImpl.scala. Using presentation compiler with project's scala-library version: 3.3.7
2026.06.29 14:02:38 WARN  no build target for: C:\tmp\arpit\java\Arpit\order-processing-system-structure\inventory-service\src\main\scala\com\ops\inventory\repository\InventoryRepositoryImpl.scala
2026.06.29 14:02:38 INFO  no build target found for C:\tmp\arpit\java\Arpit\order-processing-system-structure\inventory-service\src\main\scala\com\ops\inventory\repository\InventoryRepositoryImpl.scala. Using presentation compiler with project's scala-library version: 3.3.7
2026.06.29 14:02:38 INFO  no build target found for C:\tmp\arpit\java\Arpit\order-processing-system-structure\inventory-service\src\main\scala\com\ops\inventory\repository\InventoryRepositoryImpl.scala. Using presentation compiler with project's scala-library version: 3.3.7
2026.06.29 14:02:38 WARN  no build target for: C:\tmp\arpit\java\Arpit\order-processing-system-structure\inventory-service\src\main\scala\com\ops\inventory\repository\InventoryRepositoryImpl.scala
2026.06.29 14:03:01 WARN  no build target for: C:\tmp\arpit\java\Arpit\order-processing-system-structure\inventory-service\src\main\scala\com\ops\inventory\repository\InventoryCache.scala
2026.06.29 14:03:01 INFO  no build target found for C:\tmp\arpit\java\Arpit\order-processing-system-structure\inventory-service\src\main\scala\com\ops\inventory\repository\InventoryCache.scala. Using presentation compiler with project's scala-library version: 3.3.7
2026.06.29 14:03:01 INFO  no build target found for C:\tmp\arpit\java\Arpit\order-processing-system-structure\inventory-service\src\main\scala\com\ops\inventory\repository\InventoryCache.scala. Using presentation compiler with project's scala-library version: 3.3.7
2026.06.29 14:03:01 INFO  no build target found for C:\tmp\arpit\java\Arpit\order-processing-system-structure\inventory-service\src\main\scala\com\ops\inventory\repository\InventoryCache.scala. Using presentation compiler with project's scala-library version: 3.3.7
2026.06.29 14:03:01 WARN  no build target for: C:\tmp\arpit\java\Arpit\order-processing-system-structure\inventory-service\src\main\scala\com\ops\inventory\repository\InventoryCache.scala
2026.06.29 14:03:10 INFO  no build target found for C:\tmp\arpit\java\Arpit\order-processing-system-structure\inventory-service\src\main\scala\com\ops\inventory\service\InventoryService.scala. Using presentation compiler with project's scala-library version: 3.3.7
2026.06.29 14:03:10 WARN  no build target for: C:\tmp\arpit\java\Arpit\order-processing-system-structure\inventory-service\src\main\scala\com\ops\inventory\service\InventoryService.scala
2026.06.29 14:03:10 INFO  no build target found for C:\tmp\arpit\java\Arpit\order-processing-system-structure\inventory-service\src\main\scala\com\ops\inventory\service\InventoryService.scala. Using presentation compiler with project's scala-library version: 3.3.7
2026.06.29 14:03:10 INFO  no build target found for C:\tmp\arpit\java\Arpit\order-processing-system-structure\inventory-service\src\main\scala\com\ops\inventory\service\InventoryService.scala. Using presentation compiler with project's scala-library version: 3.3.7
2026.06.29 14:03:10 WARN  no build target for: C:\tmp\arpit\java\Arpit\order-processing-system-structure\inventory-service\src\main\scala\com\ops\inventory\service\InventoryService.scala
2026.06.29 14:03:28 INFO  no build target found for C:\tmp\arpit\java\Arpit\order-processing-system-structure\inventory-service\src\main\scala\com\ops\inventory\service\InventoryServiceImpl.scala. Using presentation compiler with project's scala-library version: 3.3.7
2026.06.29 14:03:28 WARN  no build target for: C:\tmp\arpit\java\Arpit\order-processing-system-structure\inventory-service\src\main\scala\com\ops\inventory\service\InventoryServiceImpl.scala
2026.06.29 14:03:28 INFO  no build target found for C:\tmp\arpit\java\Arpit\order-processing-system-structure\inventory-service\src\main\scala\com\ops\inventory\service\InventoryServiceImpl.scala. Using presentation compiler with project's scala-library version: 3.3.7
2026.06.29 14:03:28 INFO  no build target found for C:\tmp\arpit\java\Arpit\order-processing-system-structure\inventory-service\src\main\scala\com\ops\inventory\service\InventoryServiceImpl.scala. Using presentation compiler with project's scala-library version: 3.3.7
2026.06.29 14:03:28 WARN  no build target for: C:\tmp\arpit\java\Arpit\order-processing-system-structure\inventory-service\src\main\scala\com\ops\inventory\service\InventoryServiceImpl.scala
2026.06.29 14:03:43 INFO  no build target found for C:\tmp\arpit\java\Arpit\order-processing-system-structure\inventory-service\src\main\scala\com\ops\inventory\kafka\InventoryEventProducer.scala. Using presentation compiler with project's scala-library version: 3.3.7
2026.06.29 14:03:43 WARN  no build target for: C:\tmp\arpit\java\Arpit\order-processing-system-structure\inventory-service\src\main\scala\com\ops\inventory\kafka\InventoryEventProducer.scala
2026.06.29 14:03:43 INFO  no build target found for C:\tmp\arpit\java\Arpit\order-processing-system-structure\inventory-service\src\main\scala\com\ops\inventory\kafka\InventoryEventProducer.scala. Using presentation compiler with project's scala-library version: 3.3.7
2026.06.29 14:03:43 WARN  no build target for: C:\tmp\arpit\java\Arpit\order-processing-system-structure\inventory-service\src\main\scala\com\ops\inventory\kafka\InventoryEventProducer.scala
2026.06.29 14:03:43 INFO  no build target found for C:\tmp\arpit\java\Arpit\order-processing-system-structure\inventory-service\src\main\scala\com\ops\inventory\kafka\InventoryEventProducer.scala. Using presentation compiler with project's scala-library version: 3.3.7
2026.06.29 14:04:09 INFO  no build target found for C:\tmp\arpit\java\Arpit\order-processing-system-structure\inventory-service\src\main\scala\com\ops\inventory\stream\InventoryStream.scala. Using presentation compiler with project's scala-library version: 3.3.7
2026.06.29 14:04:09 WARN  no build target for: C:\tmp\arpit\java\Arpit\order-processing-system-structure\inventory-service\src\main\scala\com\ops\inventory\stream\InventoryStream.scala
2026.06.29 14:04:10 INFO  no build target found for C:\tmp\arpit\java\Arpit\order-processing-system-structure\inventory-service\src\main\scala\com\ops\inventory\stream\InventoryStream.scala. Using presentation compiler with project's scala-library version: 3.3.7
2026.06.29 14:04:09 INFO  no build target found for C:\tmp\arpit\java\Arpit\order-processing-system-structure\inventory-service\src\main\scala\com\ops\inventory\stream\InventoryStream.scala. Using presentation compiler with project's scala-library version: 3.3.7
2026.06.29 14:04:10 WARN  no build target for: C:\tmp\arpit\java\Arpit\order-processing-system-structure\inventory-service\src\main\scala\com\ops\inventory\stream\InventoryStream.scala
2026.06.29 14:04:18 INFO  no build target found for C:\tmp\arpit\java\Arpit\order-processing-system-structure\inventory-service\src\main\scala\com\ops\inventory\api\dto\InventoryDtos.scala. Using presentation compiler with project's scala-library version: 3.3.7
2026.06.29 14:04:18 WARN  no build target for: C:\tmp\arpit\java\Arpit\order-processing-system-structure\inventory-service\src\main\scala\com\ops\inventory\api\dto\InventoryDtos.scala
2026.06.29 14:04:18 INFO  no build target found for C:\tmp\arpit\java\Arpit\order-processing-system-structure\inventory-service\src\main\scala\com\ops\inventory\api\dto\InventoryDtos.scala. Using presentation compiler with project's scala-library version: 3.3.7
2026.06.29 14:04:18 INFO  no build target found for C:\tmp\arpit\java\Arpit\order-processing-system-structure\inventory-service\src\main\scala\com\ops\inventory\api\dto\InventoryDtos.scala. Using presentation compiler with project's scala-library version: 3.3.7
2026.06.29 14:04:18 WARN  no build target for: C:\tmp\arpit\java\Arpit\order-processing-system-structure\inventory-service\src\main\scala\com\ops\inventory\api\dto\InventoryDtos.scala
2026.06.29 14:04:36 INFO  no build target found for C:\tmp\arpit\java\Arpit\order-processing-system-structure\inventory-service\src\main\scala\com\ops\inventory\api\InventoryController.scala. Using presentation compiler with project's scala-library version: 3.3.7
2026.06.29 14:04:36 WARN  no build target for: C:\tmp\arpit\java\Arpit\order-processing-system-structure\inventory-service\src\main\scala\com\ops\inventory\api\InventoryController.scala
2026.06.29 14:04:36 INFO  no build target found for C:\tmp\arpit\java\Arpit\order-processing-system-structure\inventory-service\src\main\scala\com\ops\inventory\api\InventoryController.scala. Using presentation compiler with project's scala-library version: 3.3.7
2026.06.29 14:04:36 WARN  no build target for: C:\tmp\arpit\java\Arpit\order-processing-system-structure\inventory-service\src\main\scala\com\ops\inventory\api\InventoryController.scala
2026.06.29 14:04:36 INFO  no build target found for C:\tmp\arpit\java\Arpit\order-processing-system-structure\inventory-service\src\main\scala\com\ops\inventory\api\InventoryController.scala. Using presentation compiler with project's scala-library version: 3.3.7
2026.06.29 14:05:04 WARN  no build target for: C:\tmp\arpit\java\Arpit\order-processing-system-structure\inventory-service\src\main\scala\com\ops\inventory\InventoryApp.scala
2026.06.29 14:05:04 INFO  no build target found for C:\tmp\arpit\java\Arpit\order-processing-system-structure\inventory-service\src\main\scala\com\ops\inventory\InventoryApp.scala. Using presentation compiler with project's scala-library version: 3.3.7
2026.06.29 14:05:04 INFO  no build target found for C:\tmp\arpit\java\Arpit\order-processing-system-structure\inventory-service\src\main\scala\com\ops\inventory\InventoryApp.scala. Using presentation compiler with project's scala-library version: 3.3.7
2026.06.29 14:05:04 WARN  no build target for: C:\tmp\arpit\java\Arpit\order-processing-system-structure\inventory-service\src\main\scala\com\ops\inventory\InventoryApp.scala
2026.06.29 14:05:04 INFO  no build target found for C:\tmp\arpit\java\Arpit\order-processing-system-structure\inventory-service\src\main\scala\com\ops\inventory\InventoryApp.scala. Using presentation compiler with project's scala-library version: 3.3.7
Jun 29, 2026 3:00:51 PM org.eclipse.lsp4j.jsonrpc.services.GenericEndpoint notify
INFO: Unsupported notification method: $/setTrace
2026.06.29 15:01:37 WARN  no build target for: C:\tmp\arpit\java\Arpit\order-processing-system-structure\notification-service\src\main\java\com\ops\notification\domain\NotificationRecord.java
2026.06.29 15:01:37 INFO  no build target found for C:\tmp\arpit\java\Arpit\order-processing-system-structure\notification-service\src\main\java\com\ops\notification\domain\NotificationRecord.java. Using fallback presentation compiler.
2026.06.29 15:01:37 WARN  no build target for: C:\tmp\arpit\java\Arpit\order-processing-system-structure\notification-service\src\main\java\com\ops\notification\domain\NotificationRecord.java
2026.06.29 15:01:44 WARN  no build target for: C:\tmp\arpit\java\Arpit\order-processing-system-structure\notification-service\src\main\java\com\ops\notification\repository\NotificationRepository.java
2026.06.29 15:01:44 INFO  no build target found for C:\tmp\arpit\java\Arpit\order-processing-system-structure\notification-service\src\main\java\com\ops\notification\repository\NotificationRepository.java. Using fallback presentation compiler.
2026.06.29 15:01:44 WARN  no build target for: C:\tmp\arpit\java\Arpit\order-processing-system-structure\notification-service\src\main\java\com\ops\notification\repository\NotificationRepository.java
2026.06.29 15:01:53 WARN  no build target for: C:\tmp\arpit\java\Arpit\order-processing-system-structure\notification-service\src\main\java\com\ops\notification\actor\NotificationCommand.java
2026.06.29 15:01:53 INFO  no build target found for C:\tmp\arpit\java\Arpit\order-processing-system-structure\notification-service\src\main\java\com\ops\notification\actor\NotificationCommand.java. Using fallback presentation compiler.
2026.06.29 15:01:53 WARN  no build target for: C:\tmp\arpit\java\Arpit\order-processing-system-structure\notification-service\src\main\java\com\ops\notification\actor\NotificationCommand.java
2026.06.29 15:02:12 WARN  no build target for: C:\tmp\arpit\java\Arpit\order-processing-system-structure\notification-service\src\main\java\com\ops\notification\actor\NotificationRouter.java
2026.06.29 15:02:12 INFO  no build target found for C:\tmp\arpit\java\Arpit\order-processing-system-structure\notification-service\src\main\java\com\ops\notification\actor\NotificationRouter.java. Using fallback presentation compiler.
2026.06.29 15:02:12 WARN  no build target for: C:\tmp\arpit\java\Arpit\order-processing-system-structure\notification-service\src\main\java\com\ops\notification\actor\NotificationRouter.java
2026.06.29 15:02:33 WARN  no build target for: C:\tmp\arpit\java\Arpit\order-processing-system-structure\notification-service\src\main\java\com\ops\notification\actor\EmailNotificationActor.java
2026.06.29 15:02:33 INFO  no build target found for C:\tmp\arpit\java\Arpit\order-processing-system-structure\notification-service\src\main\java\com\ops\notification\actor\EmailNotificationActor.java. Using fallback presentation compiler.
2026.06.29 15:02:33 WARN  no build target for: C:\tmp\arpit\java\Arpit\order-processing-system-structure\notification-service\src\main\java\com\ops\notification\actor\EmailNotificationActor.java
Jun 29, 2026 3:02:35 PM org.eclipse.lsp4j.jsonrpc.services.GenericEndpoint notify
INFO: Unsupported notification method: $/setTrace
2026.06.29 15:02:42 WARN  no build target for: C:\tmp\arpit\java\Arpit\order-processing-system-structure\notification-service\src\main\java\com\ops\notification\actor\SmsNotificationActor.java
2026.06.29 15:02:42 INFO  no build target found for C:\tmp\arpit\java\Arpit\order-processing-system-structure\notification-service\src\main\java\com\ops\notification\actor\SmsNotificationActor.java. Using fallback presentation compiler.
2026.06.29 15:02:42 WARN  no build target for: C:\tmp\arpit\java\Arpit\order-processing-system-structure\notification-service\src\main\java\com\ops\notification\actor\SmsNotificationActor.java
2026.06.29 15:02:57 INFO  no build target found for C:\tmp\arpit\java\Arpit\order-processing-system-structure\order-service\src\main\scala\com\ops\order\OrderServiceApp.scala. Using presentation compiler with project's scala-library version: 3.3.7
2026.06.29 15:02:57 WARN  no build target for: C:\tmp\arpit\java\Arpit\order-processing-system-structure\order-service\src\main\scala\com\ops\order\OrderServiceApp.scala
Jun 29, 2026 3:02:57 PM org.eclipse.lsp4j.jsonrpc.RemoteEndpoint handleCancellation
WARNING: Unmatched cancel notification for request id 14
2026.06.29 15:02:57 INFO  no build target found for C:\tmp\arpit\java\Arpit\order-processing-system-structure\order-service\src\main\scala\com\ops\order\OrderServiceApp.scala. Using presentation compiler with project's scala-library version: 3.3.7
2026.06.29 15:02:57 INFO  no build target found for C:\tmp\arpit\java\Arpit\order-processing-system-structure\order-service\src\main\scala\com\ops\order\OrderServiceApp.scala. Using presentation compiler with project's scala-library version: 3.3.7
2026.06.29 15:02:58 INFO  no build target found for C:\tmp\arpit\java\Arpit\order-processing-system-structure\order-service\src\main\scala\com\ops\order\OrderServiceApp.scala. Using presentation compiler with project's scala-library version: 3.3.7
2026.06.29 15:02:58 WARN  no build target for: C:\tmp\arpit\java\Arpit\order-processing-system-structure\notification-service\src\main\java\com\ops\notification\service\NotificationService.java
2026.06.29 15:02:58 INFO  no build target found for C:\tmp\arpit\java\Arpit\order-processing-system-structure\notification-service\src\main\java\com\ops\notification\service\NotificationService.java. Using fallback presentation compiler.
2026.06.29 15:02:58 INFO  no build target found for C:\tmp\arpit\java\Arpit\order-processing-system-structure\order-service\src\main\scala\com\ops\order\OrderServiceApp.scala. Using presentation compiler with project's scala-library version: 3.3.7
2026.06.29 15:02:58 WARN  no build target for: C:\tmp\arpit\java\Arpit\order-processing-system-structure\notification-service\src\main\java\com\ops\notification\service\NotificationService.java
2026.06.29 15:02:59 INFO  no build target found for C:\tmp\arpit\java\Arpit\order-processing-system-structure\order-service\src\main\scala\com\ops\order\OrderServiceApp.scala. Using presentation compiler with project's scala-library version: 3.3.7
2026.06.29 15:03:07 INFO  no build target found for C:\tmp\arpit\java\Arpit\order-processing-system-structure\order-service\src\main\scala\com\ops\order\service\OrderServiceImpl.scala. Using presentation compiler with project's scala-library version: 3.3.7
2026.06.29 15:03:07 WARN  no build target for: C:\tmp\arpit\java\Arpit\order-processing-system-structure\order-service\src\main\scala\com\ops\order\service\OrderServiceImpl.scala
2026.06.29 15:03:07 INFO  no build target found for C:\tmp\arpit\java\Arpit\order-processing-system-structure\order-service\src\main\scala\com\ops\order\service\OrderServiceImpl.scala. Using presentation compiler with project's scala-library version: 3.3.7
2026.06.29 15:03:07 INFO  no build target found for C:\tmp\arpit\java\Arpit\order-processing-system-structure\order-service\src\main\scala\com\ops\order\service\OrderServiceImpl.scala. Using presentation compiler with project's scala-library version: 3.3.7
2026.06.29 15:03:07 INFO  no build target found for C:\tmp\arpit\java\Arpit\order-processing-system-structure\order-service\src\main\scala\com\ops\order\service\OrderServiceImpl.scala. Using presentation compiler with project's scala-library version: 3.3.7
2026.06.29 15:03:07 INFO  no build target found for C:\tmp\arpit\java\Arpit\order-processing-system-structure\order-service\src\main\scala\com\ops\order\service\OrderService.scala. Using presentation compiler with project's scala-library version: 3.3.7
2026.06.29 15:03:08 WARN  no build target for: C:\tmp\arpit\java\Arpit\order-processing-system-structure\order-service\src\main\scala\com\ops\order\service\OrderService.scala
2026.06.29 15:03:08 INFO  no build target found for C:\tmp\arpit\java\Arpit\order-processing-system-structure\order-service\src\main\scala\com\ops\order\service\OrderService.scala. Using presentation compiler with project's scala-library version: 3.3.7
2026.06.29 15:03:07 INFO  no build target found for C:\tmp\arpit\java\Arpit\order-processing-system-structure\order-service\src\main\scala\com\ops\order\service\OrderService.scala. Using presentation compiler with project's scala-library version: 3.3.7
2026.06.29 15:03:07 INFO  no build target found for C:\tmp\arpit\java\Arpit\order-processing-system-structure\order-service\src\main\scala\com\ops\order\service\OrderService.scala. Using presentation compiler with project's scala-library version: 3.3.7
2026.06.29 15:03:16 INFO  no build target found for C:\tmp\arpit\java\Arpit\order-processing-system-structure\order-service\src\main\scala\com\ops\order\api\dto\OrderDtos.scala. Using presentation compiler with project's scala-library version: 3.3.7
2026.06.29 15:03:16 WARN  no build target for: C:\tmp\arpit\java\Arpit\order-processing-system-structure\order-service\src\main\scala\com\ops\order\api\dto\OrderDtos.scala
2026.06.29 15:03:16 INFO  no build target found for C:\tmp\arpit\java\Arpit\order-processing-system-structure\order-service\src\main\scala\com\ops\order\api\dto\OrderDtos.scala. Using presentation compiler with project's scala-library version: 3.3.7
2026.06.29 15:03:16 INFO  no build target found for C:\tmp\arpit\java\Arpit\order-processing-system-structure\order-service\src\main\scala\com\ops\order\api\dto\OrderDtos.scala. Using presentation compiler with project's scala-library version: 3.3.7
2026.06.29 15:03:16 INFO  no build target found for C:\tmp\arpit\java\Arpit\order-processing-system-structure\order-service\src\main\scala\com\ops\order\api\dto\OrderDtos.scala. Using presentation compiler with project's scala-library version: 3.3.7
2026.06.29 15:03:18 INFO  no build target found for C:\tmp\arpit\java\Arpit\order-processing-system-structure\order-service\src\main\scala\com\ops\order\api\OrderController.scala. Using presentation compiler with project's scala-library version: 3.3.7
2026.06.29 15:03:18 WARN  no build target for: C:\tmp\arpit\java\Arpit\order-processing-system-structure\order-service\src\main\scala\com\ops\order\api\OrderController.scala
2026.06.29 15:03:18 INFO  no build target found for C:\tmp\arpit\java\Arpit\order-processing-system-structure\order-service\src\main\scala\com\ops\order\api\OrderController.scala. Using presentation compiler with project's scala-library version: 3.3.7
2026.06.29 15:03:18 INFO  no build target found for C:\tmp\arpit\java\Arpit\order-processing-system-structure\order-service\src\main\scala\com\ops\order\api\OrderController.scala. Using presentation compiler with project's scala-library version: 3.3.7
2026.06.29 15:03:19 WARN  no build target for: C:\tmp\arpit\java\Arpit\order-processing-system-structure\notification-service\src\main\java\com\ops\notification\service\NotificationServiceImpl.java
2026.06.29 15:03:19 INFO  no build target found for C:\tmp\arpit\java\Arpit\order-processing-system-structure\notification-service\src\main\java\com\ops\notification\service\NotificationServiceImpl.java. Using fallback presentation compiler.
2026.06.29 15:03:19 WARN  no build target for: C:\tmp\arpit\java\Arpit\order-processing-system-structure\notification-service\src\main\java\com\ops\notification\service\NotificationServiceImpl.java
2026.06.29 15:03:19 INFO  no build target found for C:\tmp\arpit\java\Arpit\order-processing-system-structure\order-service\src\main\scala\com\ops\order\api\OrderController.scala. Using presentation compiler with project's scala-library version: 3.3.7
2026.06.29 15:03:20 INFO  no build target found for C:\tmp\arpit\java\Arpit\order-processing-system-structure\order-service\src\main\scala\com\ops\order\api\OrderController.scala. Using presentation compiler with project's scala-library version: 3.3.7
2026.06.29 15:03:28 INFO  no build target found for C:\tmp\arpit\java\Arpit\order-processing-system-structure\order-service\src\main\scala\com\ops\order\kafka\OrderEventProducer.scala. Using presentation compiler with project's scala-library version: 3.3.7
2026.06.29 15:03:28 WARN  no build target for: C:\tmp\arpit\java\Arpit\order-processing-system-structure\order-service\src\main\scala\com\ops\order\kafka\OrderEventProducer.scala
2026.06.29 15:03:28 INFO  no build target found for C:\tmp\arpit\java\Arpit\order-processing-system-structure\order-service\src\main\scala\com\ops\order\kafka\OrderEventProducer.scala. Using presentation compiler with project's scala-library version: 3.3.7
2026.06.29 15:03:28 INFO  no build target found for C:\tmp\arpit\java\Arpit\order-processing-system-structure\order-service\src\main\scala\com\ops\order\kafka\OrderEventProducer.scala. Using presentation compiler with project's scala-library version: 3.3.7
2026.06.29 15:03:28 INFO  no build target found for C:\tmp\arpit\java\Arpit\order-processing-system-structure\order-service\src\main\scala\com\ops\order\kafka\OrderEventProducer.scala. Using presentation compiler with project's scala-library version: 3.3.7
2026.06.29 15:03:30 INFO  no build target found for C:\tmp\arpit\java\Arpit\order-processing-system-structure\order-service\src\main\scala\com\ops\order\kafka\OrderEventProducer.scala. Using presentation compiler with project's scala-library version: 3.3.7
2026.06.29 15:03:49 WARN  no build target for: C:\tmp\arpit\java\Arpit\order-processing-system-structure\notification-service\src\main\java\com\ops\notification\consumer\NotificationConsumer.java
2026.06.29 15:03:49 INFO  no build target found for C:\tmp\arpit\java\Arpit\order-processing-system-structure\notification-service\src\main\java\com\ops\notification\consumer\NotificationConsumer.java. Using fallback presentation compiler.
2026.06.29 15:03:49 INFO  no build target found for C:\tmp\arpit\java\Arpit\order-processing-system-structure\order-service\src\main\scala\com\ops\order\kafka\OrderEventProducer.scala. Using presentation compiler with project's scala-library version: 3.3.7
2026.06.29 15:03:49 WARN  no build target for: C:\tmp\arpit\java\Arpit\order-processing-system-structure\notification-service\src\main\java\com\ops\notification\consumer\NotificationConsumer.java
2026.06.29 15:03:49 INFO  no build target found for C:\tmp\arpit\java\Arpit\order-processing-system-structure\order-service\src\main\scala\com\ops\order\kafka\OrderEventProducer.scala. Using presentation compiler with project's scala-library version: 3.3.7
2026.06.29 15:04:02 WARN  no build target for: C:\tmp\arpit\java\Arpit\order-processing-system-structure\notification-service\src\main\java\com\ops\notification\kafka\NotificationEventProducer.java
2026.06.29 15:04:02 INFO  no build target found for C:\tmp\arpit\java\Arpit\order-processing-system-structure\notification-service\src\main\java\com\ops\notification\kafka\NotificationEventProducer.java. Using fallback presentation compiler.
2026.06.29 15:04:02 WARN  Running javac-semanticdb failed for file:///C:/tmp/arpit/java/Arpit/order-processing-system-structure/notification-service/src/main/java/com/ops/notification/kafka/NotificationEventProducer.java. Output:

2026.06.29 15:04:02 INFO  no build target found for C:\tmp\arpit\java\Arpit\order-processing-system-structure\order-service\src\main\scala\com\ops\order\kafka\OrderEventProducer.scala. Using presentation compiler with project's scala-library version: 3.3.7
2026.06.29 15:04:02 WARN  no build target for: C:\tmp\arpit\java\Arpit\order-processing-system-structure\notification-service\src\main\java\com\ops\notification\kafka\NotificationEventProducer.java
2026.06.29 15:04:02 INFO  no build target found for C:\tmp\arpit\java\Arpit\order-processing-system-structure\order-service\src\main\scala\com\ops\order\kafka\OrderEventProducer.scala. Using presentation compiler with project's scala-library version: 3.3.7
2026.06.29 15:04:06 WARN  no build target for: C:\tmp\arpit\java\Arpit\order-processing-system-structure\NotificationApp.java
2026.06.29 15:04:06 WARN  Running javac-semanticdb failed for file:///C:/tmp/arpit/java/Arpit/order-processing-system-structure/NotificationApp.java. Output:

2026.06.29 15:04:06 INFO  no build target found for C:\tmp\arpit\java\Arpit\order-processing-system-structure\NotificationApp.java. Using fallback presentation compiler.
2026.06.29 15:04:06 INFO  no build target found for C:\tmp\arpit\java\Arpit\order-processing-system-structure\NotificationApp.java. Using fallback presentation compiler.
2026.06.29 15:04:08 INFO  no build target found for C:\tmp\arpit\java\Arpit\order-processing-system-structure\NotificationApp.java. Using fallback presentation compiler.
2026.06.29 15:04:08 WARN  no build target for: C:\tmp\arpit\java\Arpit\order-processing-system-structure\NotificationApp.java
2026.06.29 15:04:08 WARN  Running javac-semanticdb failed for file:///C:/tmp/arpit/java/Arpit/order-processing-system-structure/NotificationApp.java. Output:

2026.06.29 15:04:08 INFO  no build target found for C:\tmp\arpit\java\Arpit\order-processing-system-structure\NotificationApp.java. Using fallback presentation compiler.
2026.06.29 15:04:08 INFO  no build target found for C:\tmp\arpit\java\Arpit\order-processing-system-structure\NotificationApp.java. Using fallback presentation compiler.
2026.06.29 15:04:10 WARN  no build target for: C:\tmp\arpit\java\Arpit\order-processing-system-structure\notification-service\src\main\java\com\ops\notification\dto\NotificationResponse.java
2026.06.29 15:04:10 INFO  no build target found for C:\tmp\arpit\java\Arpit\order-processing-system-structure\notification-service\src\main\java\com\ops\notification\dto\NotificationResponse.java. Using fallback presentation compiler.
2026.06.29 15:04:10 WARN  Running javac-semanticdb failed for file:///C:/tmp/arpit/java/Arpit/order-processing-system-structure/notification-service/src/main/java/com/ops/notification/dto/NotificationResponse.java. Output:

2026.06.29 15:04:10 INFO  no build target found for C:\tmp\arpit\java\Arpit\order-processing-system-structure\NotificationApp.java. Using fallback presentation compiler.
2026.06.29 15:04:10 WARN  no build target for: C:\tmp\arpit\java\Arpit\order-processing-system-structure\notification-service\src\main\java\com\ops\notification\dto\NotificationResponse.java
2026.06.29 15:04:10 INFO  no build target found for C:\tmp\arpit\java\Arpit\order-processing-system-structure\NotificationApp.java. Using fallback presentation compiler.
2026.06.29 15:04:21 WARN  no build target for: C:\tmp\arpit\java\Arpit\order-processing-system-structure\notification-service\src\main\java\com\ops\notification\controller\NotificationController.java
2026.06.29 15:04:21 INFO  no build target found for C:\tmp\arpit\java\Arpit\order-processing-system-structure\notification-service\src\main\java\com\ops\notification\controller\NotificationController.java. Using fallback presentation compiler.
2026.06.29 15:04:21 INFO  no build target found for C:\tmp\arpit\java\Arpit\order-processing-system-structure\NotificationApp.java. Using fallback presentation compiler.
2026.06.29 15:04:21 WARN  no build target for: C:\tmp\arpit\java\Arpit\order-processing-system-structure\notification-service\src\main\java\com\ops\notification\controller\NotificationController.java
2026.06.29 15:04:21 INFO  no build target found for C:\tmp\arpit\java\Arpit\order-processing-system-structure\NotificationApp.java. Using fallback presentation compiler.
2026.06.29 15:04:34 WARN  no build target for: C:\tmp\arpit\java\Arpit\order-processing-system-structure\notification-service\src\main\java\com\ops\notification\config\AkkaConfig.java
2026.06.29 15:04:34 INFO  no build target found for C:\tmp\arpit\java\Arpit\order-processing-system-structure\notification-service\src\main\java\com\ops\notification\config\AkkaConfig.java. Using fallback presentation compiler.
2026.06.29 15:04:34 INFO  no build target found for C:\tmp\arpit\java\Arpit\order-processing-system-structure\NotificationApp.java. Using fallback presentation compiler.
2026.06.29 15:04:34 WARN  no build target for: C:\tmp\arpit\java\Arpit\order-processing-system-structure\notification-service\src\main\java\com\ops\notification\config\AkkaConfig.java
2026.06.29 15:04:34 INFO  no build target found for C:\tmp\arpit\java\Arpit\order-processing-system-structure\NotificationApp.java. Using fallback presentation compiler.
2026.06.29 15:04:56 WARN  no build target for: C:\tmp\arpit\java\Arpit\order-processing-system-structure\notification-service\src\main\java\com\ops\notification\NotificationApp.java
2026.06.29 15:04:56 INFO  no build target found for C:\tmp\arpit\java\Arpit\order-processing-system-structure\notification-service\src\main\java\com\ops\notification\NotificationApp.java. Using fallback presentation compiler.
2026.06.29 15:04:56 INFO  no build target found for C:\tmp\arpit\java\Arpit\order-processing-system-structure\NotificationApp.java. Using fallback presentation compiler.
2026.06.29 15:04:56 WARN  no build target for: C:\tmp\arpit\java\Arpit\order-processing-system-structure\notification-service\src\main\java\com\ops\notification\NotificationApp.java
2026.06.29 15:04:56 INFO  no build target found for C:\tmp\arpit\java\Arpit\order-processing-system-structure\NotificationApp.java. Using fallback presentation compiler.
Jun 29, 2026 3:07:08 PM org.eclipse.lsp4j.jsonrpc.services.GenericEndpoint notify
INFO: Unsupported notification method: $/setTrace
2026.06.29 15:07:43 WARN  no build target for: C:\tmp\arpit\java\Arpit\order-processing-system-structure\api-gateway\src\main\java\com\ops\gateway\filter\JwtAuthFilter.java
2026.06.29 15:07:43 INFO  no build target found for C:\tmp\arpit\java\Arpit\order-processing-system-structure\api-gateway\src\main\java\com\ops\gateway\filter\JwtAuthFilter.java. Using fallback presentation compiler.
2026.06.29 15:07:43 INFO  no build target found for C:\tmp\arpit\java\Arpit\order-processing-system-structure\NotificationApp.java. Using fallback presentation compiler.
2026.06.29 15:07:43 WARN  Running javac-semanticdb failed for file:///C:/tmp/arpit/java/Arpit/order-processing-system-structure/api-gateway/src/main/java/com/ops/gateway/filter/JwtAuthFilter.java. Output:

2026.06.29 15:07:43 WARN  no build target for: C:\tmp\arpit\java\Arpit\order-processing-system-structure\api-gateway\src\main\java\com\ops\gateway\filter\JwtAuthFilter.java
2026.06.29 15:07:43 INFO  no build target found for C:\tmp\arpit\java\Arpit\order-processing-system-structure\NotificationApp.java. Using fallback presentation compiler.
2026.06.29 15:07:58 WARN  no build target for: C:\tmp\arpit\java\Arpit\order-processing-system-structure\api-gateway\src\main\java\com\ops\gateway\filter\RequestLoggingFilter.java
2026.06.29 15:07:58 INFO  no build target found for C:\tmp\arpit\java\Arpit\order-processing-system-structure\api-gateway\src\main\java\com\ops\gateway\filter\RequestLoggingFilter.java. Using fallback presentation compiler.
C:\tmp\arpit\java\Arpit\order-processing-system-structure\api-gateway\src\main\java\com\ops\gateway\filter\RequestLoggingFilter.java:51: error: unmappable character (0x90) for encoding windows-1252
            log.info("â†? {} {} status={} duration={}ms traceId={}", method, path, status, durationMs, finalTraceId);
                        ^
2026.06.29 15:07:58 INFO  no build target found for C:\tmp\arpit\java\Arpit\order-processing-system-structure\NotificationApp.java. Using fallback presentation compiler.
2026.06.29 15:07:59 WARN  no build target for: C:\tmp\arpit\java\Arpit\order-processing-system-structure\api-gateway\src\main\java\com\ops\gateway\filter\RequestLoggingFilter.java
C:\tmp\arpit\java\Arpit\order-processing-system-structure\api-gateway\src\main\java\com\ops\gateway\filter\RequestLoggingFilter.java:51: error: unmappable character (0x90) for encoding windows-1252
            log.info("â†? {} {} status={} duration={}ms traceId={}", method, path, status, durationMs, finalTraceId);
                        ^
2026.06.29 15:07:59 INFO  no build target found for C:\tmp\arpit\java\Arpit\order-processing-system-structure\NotificationApp.java. Using fallback presentation compiler.
Jun 29, 2026 3:08:08 PM org.eclipse.lsp4j.jsonrpc.services.GenericEndpoint notify
INFO: Unsupported notification method: $/setTrace
2026.06.29 15:08:15 WARN  no build target for: C:\tmp\arpit\java\Arpit\order-processing-system-structure\api-gateway\src\main\java\com\ops\gateway\filter\RateLimitFilter.java
2026.06.29 15:08:15 INFO  no build target found for C:\tmp\arpit\java\Arpit\order-processing-system-structure\api-gateway\src\main\java\com\ops\gateway\filter\RateLimitFilter.java. Using fallback presentation compiler.
2026.06.29 15:08:15 INFO  no build target found for C:\tmp\arpit\java\Arpit\order-processing-system-structure\NotificationApp.java. Using fallback presentation compiler.
2026.06.29 15:08:15 WARN  no build target for: C:\tmp\arpit\java\Arpit\order-processing-system-structure\api-gateway\src\main\java\com\ops\gateway\filter\RateLimitFilter.java
2026.06.29 15:08:16 INFO  no build target found for C:\tmp\arpit\java\Arpit\order-processing-system-structure\NotificationApp.java. Using fallback presentation compiler.
2026.06.29 15:08:27 WARN  no build target for: C:\tmp\arpit\java\Arpit\order-processing-system-structure\api-gateway\src\main\java\com\ops\gateway\fallback\FallbackController.java
2026.06.29 15:08:27 INFO  no build target found for C:\tmp\arpit\java\Arpit\order-processing-system-structure\api-gateway\src\main\java\com\ops\gateway\fallback\FallbackController.java. Using fallback presentation compiler.
2026.06.29 15:08:27 INFO  no build target found for C:\tmp\arpit\java\Arpit\order-processing-system-structure\NotificationApp.java. Using fallback presentation compiler.
2026.06.29 15:08:27 WARN  no build target for: C:\tmp\arpit\java\Arpit\order-processing-system-structure\api-gateway\src\main\java\com\ops\gateway\fallback\FallbackController.java
2026.06.29 15:08:27 INFO  no build target found for C:\tmp\arpit\java\Arpit\order-processing-system-structure\NotificationApp.java. Using fallback presentation compiler.
2026.06.29 15:09:45 WARN  no build target for: C:\tmp\arpit\java\Arpit\order-processing-system-structure\api-gateway\src\main\java\com\ops\gateway\GatewayApplication.java
2026.06.29 15:09:45 INFO  no build target found for C:\tmp\arpit\java\Arpit\order-processing-system-structure\api-gateway\src\main\java\com\ops\gateway\GatewayApplication.java. Using fallback presentation compiler.
2026.06.29 15:09:45 WARN  no build target for: C:\tmp\arpit\java\Arpit\order-processing-system-structure\api-gateway\src\main\java\com\ops\gateway\GatewayApplication.java
2026.06.29 15:09:45 INFO  no build target found for C:\tmp\arpit\java\Arpit\order-processing-system-structure\NotificationApp.java. Using fallback presentation compiler.
2026.06.29 15:09:45 INFO  no build target found for C:\tmp\arpit\java\Arpit\order-processing-system-structure\NotificationApp.java. Using fallback presentation compiler.
2026.06.29 15:10:04 INFO  no build target found for C:\tmp\arpit\java\Arpit\order-processing-system-structure\NotificationApp.java. Using fallback presentation compiler.
2026.06.29 15:11:00 INFO  no build target found for C:\tmp\arpit\java\Arpit\order-processing-system-structure\NotificationApp.java. Using fallback presentation compiler.
2026.06.29 15:11:00 WARN  no build target for: C:\tmp\arpit\java\Arpit\order-processing-system-structure\InventoryApp.scala
2026.06.29 15:11:00 INFO  no build target found for C:\tmp\arpit\java\Arpit\order-processing-system-structure\InventoryApp.scala. Using presentation compiler with project's scala-library version: 3.3.7
2026.06.29 15:11:00 INFO  no build target found for C:\tmp\arpit\java\Arpit\order-processing-system-structure\InventoryApp.scala. Using presentation compiler with project's scala-library version: 3.3.7
2026.06.29 15:11:00 WARN  Could not find semantic tokens for: file:///C:/tmp/arpit/java/Arpit/order-processing-system-structure/InventoryApp.scala
2026.06.29 15:11:00 INFO  no build target found for C:\tmp\arpit\java\Arpit\order-processing-system-structure\InventoryApp.scala. Using presentation compiler with project's scala-library version: 3.3.7
2026.06.29 15:11:00 WARN  Could not find semantic tokens for: file:///C:/tmp/arpit/java/Arpit/order-processing-system-structure/InventoryApp.scala
2026.06.29 15:11:02 INFO  no build target found for C:\tmp\arpit\java\Arpit\order-processing-system-structure\InventoryApp.scala. Using presentation compiler with project's scala-library version: 3.3.7
2026.06.29 15:11:04 INFO  no build target found for C:\tmp\arpit\java\Arpit\order-processing-system-structure\order-service\src\main\scala\com\ops\order\kafka\OrderEventProducer.scala. Using presentation compiler with project's scala-library version: 3.3.7
2026.06.29 15:11:04 WARN  no build target for: C:\tmp\arpit\java\Arpit\order-processing-system-structure\order-service\src\main\scala\com\ops\order\kafka\OrderEventProducer.scala
2026.06.29 15:11:04 INFO  no build target found for C:\tmp\arpit\java\Arpit\order-processing-system-structure\order-service\src\main\scala\com\ops\order\kafka\OrderEventProducer.scala. Using presentation compiler with project's scala-library version: 3.3.7
2026.06.29 15:11:04 INFO  no build target found for C:\tmp\arpit\java\Arpit\order-processing-system-structure\order-service\src\main\scala\com\ops\order\kafka\OrderEventProducer.scala. Using presentation compiler with project's scala-library version: 3.3.7
2026.06.29 15:11:04 INFO  no build target found for C:\tmp\arpit\java\Arpit\order-processing-system-structure\order-service\src\main\scala\com\ops\order\kafka\OrderEventProducer.scala. Using presentation compiler with project's scala-library version: 3.3.7
2026.06.29 15:11:04 INFO  no build target found for C:\tmp\arpit\java\Arpit\order-processing-system-structure\order-service\src\main\scala\com\ops\order\kafka\OrderEventProducer.scala. Using presentation compiler with project's scala-library version: 3.3.7
Jun 29, 2026 3:11:27 PM org.eclipse.lsp4j.jsonrpc.services.GenericEndpoint notify
INFO: Unsupported notification method: $/setTrace
2026.06.29 15:11:27 INFO  no build target found for C:\tmp\arpit\java\Arpit\order-processing-system-structure\order-service\src\main\scala\com\ops\order\kafka\OrderEventProducer.scala. Using presentation compiler with project's scala-library version: 3.3.7
Jun 29, 2026 3:12:05 PM org.eclipse.lsp4j.jsonrpc.services.GenericEndpoint notify
INFO: Unsupported notification method: $/setTrace
2026.06.29 15:12:05 INFO  no build target found for C:\tmp\arpit\java\Arpit\order-processing-system-structure\order-service\src\main\scala\com\ops\order\kafka\OrderEventProducer.scala. Using presentation compiler with project's scala-library version: 3.3.7
Jun 29, 2026 3:13:39 PM org.eclipse.lsp4j.jsonrpc.services.GenericEndpoint notify
INFO: Unsupported notification method: $/setTrace
2026.06.29 15:13:39 INFO  no build target found for C:\tmp\arpit\java\Arpit\order-processing-system-structure\order-service\src\main\scala\com\ops\order\kafka\OrderEventProducer.scala. Using presentation compiler with project's scala-library version: 3.3.7
Jun 29, 2026 3:16:20 PM org.eclipse.lsp4j.jsonrpc.services.GenericEndpoint notify
INFO: Unsupported notification method: $/setTrace
2026.06.29 15:16:32 INFO  no build target found for C:\tmp\arpit\java\Arpit\order-processing-system-structure\project\plugins.sbt. Using presentation compiler with project's scala-library version: 3.3.7
2026.06.29 15:16:32 WARN  no build target for: C:\tmp\arpit\java\Arpit\order-processing-system-structure\project\plugins.sbt
2026.06.29 15:16:32 INFO  no build target found for C:\tmp\arpit\java\Arpit\order-processing-system-structure\project\plugins.sbt. Using presentation compiler with project's scala-library version: 3.3.7
2026.06.29 15:16:32 WARN  Could not find semantic tokens for: file:///C:/tmp/arpit/java/Arpit/order-processing-system-structure/project/plugins.sbt
2026.06.29 15:16:32 INFO  no build target found for C:\tmp\arpit\java\Arpit\order-processing-system-structure\project\plugins.sbt. Using presentation compiler with project's scala-library version: 3.3.7
2026.06.29 15:16:38 INFO  no build target found for C:\tmp\arpit\java\Arpit\order-processing-system-structure\build.sbt. Using presentation compiler with project's scala-library version: 3.3.7
2026.06.29 15:16:38 WARN  no build target for: C:\tmp\arpit\java\Arpit\order-processing-system-structure\build.sbt
2026.06.29 15:16:38 INFO  no build target found for C:\tmp\arpit\java\Arpit\order-processing-system-structure\build.sbt. Using presentation compiler with project's scala-library version: 3.3.7
2026.06.29 15:16:38 INFO  no build target found for C:\tmp\arpit\java\Arpit\order-processing-system-structure\build.sbt. Using presentation compiler with project's scala-library version: 3.3.7
2026.06.29 15:16:39 INFO  no build target found for C:\tmp\arpit\java\Arpit\order-processing-system-structure\build.sbt. Using presentation compiler with project's scala-library version: 3.3.7
2026.06.29 15:16:41 INFO  no build target found for C:\tmp\arpit\java\Arpit\order-processing-system-structure\build.sbt. Using presentation compiler with project's scala-library version: 3.3.7
Jun 29, 2026 3:18:46 PM org.eclipse.lsp4j.jsonrpc.services.GenericEndpoint notify
INFO: Unsupported notification method: $/setTrace
Jun 29, 2026 3:20:03 PM org.eclipse.lsp4j.jsonrpc.services.GenericEndpoint notify
INFO: Unsupported notification method: $/setTrace
